2019-01-16 15:19:12:DEBUG:begin to parser
2019-01-16 15:19:12:DEBUG:parser finish
2019-01-16 15:19:14:DEBUG:create project path success
2019-01-16 15:19:14:DEBUG:create project success
2019-01-16 15:19:14:DEBUG:begin to generate pages 
2019-01-16 15:19:14:DEBUG:generate pages success
2019-01-16 15:21:18:DEBUG:begin to parser
2019-01-16 15:21:18:DEBUG:parser finish
2019-01-16 15:21:19:DEBUG:create project path success
2019-01-16 15:21:19:DEBUG:create project success
2019-01-16 15:21:19:DEBUG:begin to generate pages 
2019-01-16 15:21:19:DEBUG:generate pages success
2019-01-16 15:26:46:DEBUG:begin to parser
2019-01-16 15:26:46:DEBUG:parser finish
2019-01-16 15:26:46:DEBUG:create project path success
2019-01-16 15:26:46:DEBUG:create project success
2019-01-16 15:26:46:DEBUG:begin to generate pages 
2019-01-16 15:26:46:DEBUG:generate pages success
2019-01-16 15:29:35:DEBUG:begin to parser
2019-01-16 15:29:35:DEBUG:parser finish
2019-01-16 15:29:36:DEBUG:create project path success
2019-01-16 15:29:36:DEBUG:create project success
2019-01-16 15:29:36:DEBUG:begin to generate pages 
2019-01-16 15:29:36:DEBUG:generate pages success
2019-01-16 15:30:47:DEBUG:begin to parser
2019-01-16 15:30:47:DEBUG:parser finish
2019-01-16 15:30:47:DEBUG:create project path success
2019-01-16 15:30:47:DEBUG:create project success
2019-01-16 15:30:47:DEBUG:begin to generate pages 
2019-01-16 15:30:47:DEBUG:generate pages success
