2019-01-15 15:44:39,010 - /Users/jacky/PycharmProjects/AutoAndroidProject/CreateProject.py[line:153] - DEBUG: begin to parser
2019-01-15 15:44:39,010 - /Users/jacky/PycharmProjects/AutoAndroidProject/CreateProject.py[line:157] - DEBUG: parser finish
2019-01-15 15:44:39,533 - /Users/jacky/PycharmProjects/AutoAndroidProject/CreateProject.py[line:161] - DEBUG: create project success
2019-01-15 15:45:33,113 - [line:153] - DEBUG: begin to parser
2019-01-15 15:45:33,114 - [line:157] - DEBUG: parser finish
2019-01-15 15:45:33,640 - [line:161] - DEBUG: create project success
2019-01-15 15:45:52,626 - CreateProject.py[line:153] - DEBUG: begin to parser
2019-01-15 15:45:52,626 - CreateProject.py[line:157] - DEBUG: parser finish
2019-01-15 15:45:53,183 - CreateProject.py[line:161] - DEBUG: create project success
2019-01-15 15:47:18,155 - CreateProject.py[line:155] - DEBUG: begin to parser
2019-01-15 15:47:18,156 - CreateProject.py[line:159] - DEBUG: parser finish
2019-01-15 15:47:18,684 - CreateProject.py[line:139] - DEBUG: create project path success
2019-01-15 15:47:18,691 - CreateProject.py[line:163] - DEBUG: create project success
2019-01-15 15:57:37,157 - CreateProject.py[line:155] - DEBUG: begin to parser
2019-01-15 15:57:37,158 - CreateProject.py[line:158] - DEBUG: parser finish
2019-01-15 15:57:37,595 - CreateProject.py[line:139] - DEBUG: create project path success
2019-01-15 15:57:37,600 - CreateProject.py[line:161] - DEBUG: create project success
2019-01-15 16:00:17,647 - CreateProject.py[line:155] - DEBUG: begin to parser
2019-01-15 16:00:17,648 - CreateProject.py[line:158] - DEBUG: parser finish
2019-01-15 16:00:18,125 - CreateProject.py[line:139] - DEBUG: create project path success
2019-01-15 16:00:18,129 - CreateProject.py[line:161] - DEBUG: create project success
2019-01-15 16:00:29,257 - CreateProject.py[line:155] - DEBUG: begin to parser
2019-01-15 16:00:29,258 - CreateProject.py[line:158] - DEBUG: parser finish
2019-01-15 16:00:29,713 - CreateProject.py[line:139] - DEBUG: create project path success
2019-01-15 16:00:29,718 - CreateProject.py[line:161] - DEBUG: create project success
